<?xml version="1.0" encoding="UTF-8"?>
<testng-results ignored="0" total="1" passed="1" failed="0" skipped="0">
  <reporter-output>
  </reporter-output>
  <suite started-at="2025-03-30T19:59:12 UTC" name="Surefire suite" finished-at="2025-03-30T19:59:15 UTC" duration-ms="2656">
    <groups>
    </groups>
    <test started-at="2025-03-30T19:59:12 UTC" name="Surefire test" finished-at="2025-03-30T19:59:15 UTC" duration-ms="2656">
      <class name="com.api.test.GetActivitiesTest">
        <test-method signature="getActivitiesTest()[pri:0, instance:com.api.test.GetActivitiesTest@41ee392b]" started-at="2025-03-30T19:59:12 UTC" name="getActivitiesTest" finished-at="2025-03-30T19:59:15 UTC" duration-ms="2622" status="PASS">
          <reporter-output>
          </reporter-output>
        </test-method> <!-- getActivitiesTest -->
      </class> <!-- com.api.test.GetActivitiesTest -->
    </test> <!-- Surefire test -->
  </suite> <!-- Surefire suite -->
</testng-results>
