<?xml version="1.0" encoding="UTF-8"?>
<!-- Generated by org.testng.reporters.JUnitXMLReporter -->
<testsuite ignored="0" hostname="codespaces-fece32" failures="0" tests="12" name="Surefire test" time="8.811" errors="0" timestamp="2025-03-31T20:15:03 UTC">
  <testcase classname="com.api.test.GetBooksTest" name="getBooks" time="3.464"/>
  <testcase classname="com.api.test.GetActivityByIdTest" name="getActivityById" time="0.458"/>
  <testcase classname="com.api.test.PostBooksTest" name="postBooks" time="0.489"/>
  <testcase classname="com.api.test.GetAuthorByIdTest" name="getAuthorById" time="0.418"/>
  <testcase classname="com.api.test.GetBookByIdTest" name="getBooksById" time="0.423"/>
  <testcase classname="com.api.test.GetActivitiesTest" name="getActivities" time="0.404"/>
  <testcase classname="com.api.test.GetAuthorsTest" name="getAuthors" time="0.997"/>
  <testcase classname="com.api.test.PutAtivityTest" name="putActivity" time="0.426"/>
  <testcase classname="com.api.test.PostAuthorTest" name="postAuthor" time="0.432"/>
  <testcase classname="com.api.test.PutAuthorByIdTest" name="putAuthorById" time="0.415"/>
  <testcase classname="com.api.test.GetAuthorByIdBookTest" name="getAuthorByIdBook" time="0.423"/>
  <testcase classname="com.api.test.PostActivityTest" name="postActivity" time="0.406"/>
</testsuite> <!-- Surefire test -->
