<?xml version="1.0" encoding="UTF-8"?>
<!-- Generated by org.testng.reporters.JUnitXMLReporter -->
<testsuite ignored="0" hostname="codespaces-fece32" failures="0" tests="17" name="Surefire test" time="11.075" errors="0" timestamp="2025-04-02T19:26:35 UTC">
  <testcase classname="com.api.test.GetBooksTest" name="getBooks" time="3.634"/>
  <testcase classname="com.api.test.GetActivityByIdTest" name="getActivityById" time="0.483"/>
  <testcase classname="com.api.test.PostUsersTest" name="postUsers" time="0.53"/>
  <testcase classname="com.api.test.PostBooksTest" name="postBooks" time="0.401"/>
  <testcase classname="com.api.test.GetAuthorByIdTest" name="getAuthorById" time="0.411"/>
  <testcase classname="com.api.test.PutBookByIdTest" name="putBookById" time="0.427"/>
  <testcase classname="com.api.test.GetBookByIdTest" name="getBooksById" time="0.442"/>
  <testcase classname="com.api.test.GetActivitiesTest" name="getActivities" time="0.462"/>
  <testcase classname="com.api.test.PutUserByIdTest" name="putUserById" time="0.416"/>
  <testcase classname="com.api.test.GetAuthorsTest" name="getAuthors" time="0.948"/>
  <testcase classname="com.api.test.PutAtivityTest" name="putActivity" time="0.411"/>
  <testcase classname="com.api.test.PostAuthorTest" name="postAuthor" time="0.416"/>
  <testcase classname="com.api.test.GetUsersTest" name="getUsers" time="0.421"/>
  <testcase classname="com.api.test.PutAuthorByIdTest" name="putAuthorById" time="0.401"/>
  <testcase classname="com.api.test.GetUserByIdTest" name="getUserById" time="0.404"/>
  <testcase classname="com.api.test.GetAuthorByIdBookTest" name="getAuthorByIdBook" time="0.402"/>
  <testcase classname="com.api.test.PostActivityTest" name="postActivity" time="0.404"/>
</testsuite> <!-- Surefire test -->
