<?xml version="1.0" encoding="UTF-8"?>
<testng-results ignored="0" total="1" passed="1" failed="0" skipped="0">
  <reporter-output>
  </reporter-output>
  <suite started-at="2025-03-15T21:02:52 UTC" name="APITests" finished-at="2025-03-15T21:02:55 UTC" duration-ms="3151">
    <groups>
    </groups>
    <test started-at="2025-03-15T21:02:52 UTC" name="LoginTests" finished-at="2025-03-15T21:02:55 UTC" duration-ms="3151">
      <class name="com.api.tests.LoginTest">
        <test-method signature="loginTest()[pri:0, instance:com.api.tests.LoginTest@240237d2]" started-at="2025-03-15T21:02:52 UTC" name="loginTest" finished-at="2025-03-15T21:02:55 UTC" duration-ms="3118" status="PASS">
          <reporter-output>
          </reporter-output>
        </test-method> <!-- loginTest -->
      </class> <!-- com.api.tests.LoginTest -->
    </test> <!-- LoginTests -->
  </suite> <!-- APITests -->
</testng-results>
