<?xml version="1.0" encoding="UTF-8"?>
<testng-results ignored="0" total="1" passed="1" failed="0" skipped="0">
  <reporter-output>
  </reporter-output>
  <suite started-at="2025-03-21T20:23:18 UTC" name="Surefire suite" finished-at="2025-03-21T20:23:21 UTC" duration-ms="3069">
    <groups>
    </groups>
    <test started-at="2025-03-21T20:23:18 UTC" name="Surefire test" finished-at="2025-03-21T20:23:21 UTC" duration-ms="3069">
      <class name="com.test.AuthorizedTest">
        <test-method signature="authorizedTest()[pri:0, instance:com.test.AuthorizedTest@33b37288]" started-at="2025-03-21T20:23:18 UTC" name="authorizedTest" description="Test the Authorized service" finished-at="2025-03-21T20:23:21 UTC" duration-ms="3037" status="PASS">
          <reporter-output>
          </reporter-output>
        </test-method> <!-- authorizedTest -->
      </class> <!-- com.test.AuthorizedTest -->
    </test> <!-- Surefire test -->
  </suite> <!-- Surefire suite -->
</testng-results>
